[MAIN][0]Compiled with macros: -DBC_T_PERIODIC -DBC_X_PERIODIC -DBC_Y_PERIODIC -DBC_Z_PERIODIC -DUPDATE_EO -DWITH_MPI -DWITH_UMBRELLA -DNDEBUG -DIO_FLUSH -DMEASURE_FORCE -DADAPTIVE -DREPROJECT_WFLOW -DREPR_FUNDAMENTAL -DREPR_NAME=@REPR_FUNDAMENTAL@ -DGAUGE_SP4
[MAIN][0]PId =  0 [world_size: 16]
[MAIN][0]
[MAIN][0]input file [input_file]
[MAIN][0]output file [Sp4WFB8.2.out]
[MAIN][0]list file [conflist]
[MAIN][0]RLXD [1,13813]
[MAIN][0]Gauge group: Sp(4)
[MAIN][0]Fermion representation: REPR_FUNDAMENTAL [dim=4]
[GEOMETRY][0]CId = 0 (0,0,0,0)
[GEOMETRY][0]Global size is 24x24x24x24
[GEOMETRY][0]Proc grid is 2x2x2x2
[GEOMETRY][0]Local size is 12x12x12x12
[GEOMETRY][0]Extended local size is 14x14x14x14
[GEOMETRY][0]Geometry variable checked
[GEOMETRY][0]Gauge field: size 42544 nbuffer 64 
[GEOMETRY][0]Spinor field (EO): size 36784 nbuffer 16 
[GEOMETRY][0]Even Spinor field: size 18392 nbuffer 8 
[GEOMETRY][0]Odd Spinor field: size 18392 nbuffer 8 
[BCS][0]Gauge field: PERIODIC x PERIODIC PERIODIC PERIODIC
[BCS][0]Fermion fields: PERIODIC x PERIODIC PERIODIC PERIODIC
[MAIN][0]WF tmax: 1.200000e+01
[MAIN][0]WF number of measures: 400
[MAIN][0]WF time lapse between measures: 3.000000e-02
[MAIN][0]WF number of integration intervals per measure: 10
[MAIN][0]WF number of integration intervals: 4000
[MAIN][0]WF integration step: 3.000000e-03
[MAIN][0]Configuration from /mnt/nas/sp4/PBC/PG/L24B7.85/run_24x24x24x24nc4b7.850000n1000
[IO][0]Configuration [/mnt/nas/sp4/PBC/PG/L24B7.85/run_24x24x24x24nc4b7.850000n1000] read [0 sec 812880 usec] Plaquette=6.202657e-01
[PLAQ][0]Plaq(1,0) = ( 0.620312 , -0.000000 )
[PLAQ][0]Plaq(2,0) = ( 0.619968 , 0.000000 )
[PLAQ][0]Plaq(2,1) = ( 0.620767 , -0.000000 )
[PLAQ][0]Plaq(3,0) = ( 0.619758 , 0.000000 )
[PLAQ][0]Plaq(3,1) = ( 0.620509 , 0.000000 )
[PLAQ][0]Plaq(3,2) = ( 0.620281 , 0.000000 )
[WILSONFLOW][0]WF (ncnfg,t,E,t2*E,Esym,t2*Esym,TC) = 1 0.000000e+00 1.822725e+01 0.000000e+00 2.641508e+00 0.000000e+00 -5.361751e+00
[WILSONFLOW][0]WF (ncnfg,t,E,t2*E,Esym,t2*Esym,TC) = 1 3.000000e-02 1.411795e+01 1.270616e-02 2.404564e+00 2.164108e-03 -5.253250e+00
[WILSONFLOW][0]WF (ncnfg,t,E,t2*E,Esym,t2*Esym,TC) = 1 6.000000e-02 1.086034e+01 3.909722e-02 2.151684e+00 7.746064e-03 -5.010627e+00
[WILSONFLOW][0]WF (ncnfg,t,E,t2*E,Esym,t2*Esym,TC) = 1 9.000000e-02 8.348330e+00 6.762147e-02 1.899988e+00 1.538991e-02 -4.759134e+00
[WILSONFLOW][0]WF (ncnfg,t,E,t2*E,Esym,t2*Esym,TC) = 1 1.200000e-01 6.442869e+00 9.277731e-02 1.662986e+00 2.394699e-02 -4.556991e+00
[WILSONFLOW][0]WF (ncnfg,t,E,t2*E,Esym,t2*Esym,TC) = 1 1.500000e-01 5.008811e+00 1.126982e-01 1.448772e+00 3.259738e-02 -4.422216e+00
[WILSONFLOW][0]WF (ncnfg,t,E,t2*E,Esym,t2*Esym,TC) = 1 1.800000e-01 3.931362e+00 1.273761e-01 1.260617e+00 4.084399e-02 -4.354290e+00
[WILSONFLOW][0]WF (ncnfg,t,E,t2*E,Esym,t2*Esym,TC) = 1 2.100000e-01 3.119773e+00 1.375820e-01 1.098441e+00 4.844125e-02 -4.345693e+00
[WILSONFLOW][0]WF (ncnfg,t,E,t2*E,Esym,t2*Esym,TC) = 1 2.400000e-01 2.505116e+00 1.442947e-01 9.602614e-01 5.531106e-02 -4.386918e+00
[WILSONFLOW][0]WF (ncnfg,t,E,t2*E,Esym,t2*Esym,TC) = 1 2.700000e-01 2.036179e+00 1.484374e-01 8.432485e-01 6.147282e-02 -4.468370e+00
[WILSONFLOW][0]WF (ncnfg,t,E,t2*E,Esym,t2*Esym,TC) = 1 3.000000e-01 1.675334e+00 1.507801e-01 7.443839e-01 6.699455e-02 -4.581084e+00
[WILSONFLOW][0]WF (ncnfg,t,E,t2*E,Esym,t2*Esym,TC) = 1 3.300000e-01 1.395059e+00 1.519219e-01 6.608125e-01 7.196248e-02 -4.717048e+00
[WILSONFLOW][0]WF (ncnfg,t,E,t2*E,Esym,t2*Esym,TC) = 1 3.600000e-01 1.175223e+00 1.523088e-01 5.900006e-01 7.646408e-02 -4.869317e+00
[WILSONFLOW][0]WF (ncnfg,t,E,t2*E,Esym,t2*Esym,TC) = 1 3.900000e-01 1.001062e+00 1.522615e-01 5.297810e-01 8.057969e-02 -5.031989e+00
[WILSONFLOW][0]WF (ncnfg,t,E,t2*E,Esym,t2*Esym,TC) = 1 4.200000e-01 8.616983e-01 1.520036e-01 4.783401e-01 8.437919e-02 -5.200102e+00
[WILSONFLOW][0]WF (ncnfg,t,E,t2*E,Esym,t2*Esym,TC) = 1 4.500000e-01 7.490705e-01 1.516868e-01 4.341800e-01 8.792146e-02 -5.369522e+00
[WILSONFLOW][0]WF (ncnfg,t,E,t2*E,Esym,t2*Esym,TC) = 1 4.800000e-01 6.571632e-01 1.514104e-01 3.960722e-01 9.125505e-02 -5.536839e+00
[WILSONFLOW][0]WF (ncnfg,t,E,t2*E,Esym,t2*Esym,TC) = 1 5.100000e-01 5.814555e-01 1.512366e-01 3.630126e-01 9.441957e-02 -5.699303e+00
[WILSONFLOW][0]WF (ncnfg,t,E,t2*E,Esym,t2*Esym,TC) = 1 5.400000e-01 5.185238e-01 1.512015e-01 3.341807e-01 9.744708e-02 -5.854768e+00
[WILSONFLOW][0]WF (ncnfg,t,E,t2*E,Esym,t2*Esym,TC) = 1 5.700000e-01 4.657552e-01 1.513239e-01 3.089057e-01 1.003635e-01 -6.001653e+00
[WILSONFLOW][0]WF (ncnfg,t,E,t2*E,Esym,t2*Esym,TC) = 1 6.000000e-01 4.211397e-01 1.516103e-01 2.866376e-01 1.031895e-01 -6.138892e+00
[WILSONFLOW][0]WF (ncnfg,t,E,t2*E,Esym,t2*Esym,TC) = 1 6.300000e-01 3.831187e-01 1.520598e-01 2.669239e-01 1.059421e-01 -6.265880e+00
[WILSONFLOW][0]WF (ncnfg,t,E,t2*E,Esym,t2*Esym,TC) = 1 6.600000e-01 3.504746e-01 1.526667e-01 2.493912e-01 1.086348e-01 -6.382397e+00
[WILSONFLOW][0]WF (ncnfg,t,E,t2*E,Esym,t2*Esym,TC) = 1 6.900000e-01 3.222485e-01 1.534225e-01 2.337295e-01 1.112786e-01 -6.488536e+00
[WILSONFLOW][0]WF (ncnfg,t,E,t2*E,Esym,t2*Esym,TC) = 1 7.200000e-01 2.976796e-01 1.543171e-01 2.196808e-01 1.138825e-01 -6.584622e+00
[WILSONFLOW][0]WF (ncnfg,t,E,t2*E,Esym,t2*Esym,TC) = 1 7.500000e-01 2.761601e-01 1.553401e-01 2.070291e-01 1.164539e-01 -6.671145e+00
[WILSONFLOW][0]WF (ncnfg,t,E,t2*E,Esym,t2*Esym,TC) = 1 7.800000e-01 2.572005e-01 1.564808e-01 1.955929e-01 1.189987e-01 -6.748698e+00
[WILSONFLOW][0]WF (ncnfg,t,E,t2*E,Esym,t2*Esym,TC) = 1 8.100000e-01 2.404043e-01 1.577293e-01 1.852188e-01 1.215221e-01 -6.817939e+00
[WILSONFLOW][0]WF (ncnfg,t,E,t2*E,Esym,t2*Esym,TC) = 1 8.400000e-01 2.254479e-01 1.590760e-01 1.757767e-01 1.240281e-01 -6.879558e+00
[WILSONFLOW][0]WF (ncnfg,t,E,t2*E,Esym,t2*Esym,TC) = 1 8.700000e-01 2.120654e-01 1.605123e-01 1.671557e-01 1.265202e-01 -6.934258e+00
[WILSONFLOW][0]WF (ncnfg,t,E,t2*E,Esym,t2*Esym,TC) = 1 9.000000e-01 2.000372e-01 1.620301e-01 1.592609e-01 1.290014e-01 -6.982739e+00
[WILSONFLOW][0]WF (ncnfg,t,E,t2*E,Esym,t2*Esym,TC) = 1 9.300000e-01 1.891806e-01 1.636223e-01 1.520107e-01 1.314741e-01 -7.025689e+00
[WILSONFLOW][0]WF (ncnfg,t,E,t2*E,Esym,t2*Esym,TC) = 1 9.600000e-01 1.793430e-01 1.652825e-01 1.453347e-01 1.339405e-01 -7.063768e+00
[WILSONFLOW][0]WF (ncnfg,t,E,t2*E,Esym,t2*Esym,TC) = 1 9.900000e-01 1.703957e-01 1.670048e-01 1.391720e-01 1.364024e-01 -7.097601e+00
[WILSONFLOW][0]WF (ncnfg,t,E,t2*E,Esym,t2*Esym,TC) = 1 1.020000e+00 1.622302e-01 1.687843e-01 1.334693e-01 1.388615e-01 -7.127769e+00
[WILSONFLOW][0]WF (ncnfg,t,E,t2*E,Esym,t2*Esym,TC) = 1 1.050000e+00 1.547541e-01 1.706163e-01 1.281805e-01 1.413190e-01 -7.154796e+00
[WILSONFLOW][0]WF (ncnfg,t,E,t2*E,Esym,t2*Esym,TC) = 1 1.080000e+00 1.478883e-01 1.724969e-01 1.232649e-01 1.437762e-01 -7.179148e+00
[WILSONFLOW][0]WF (ncnfg,t,E,t2*E,Esym,t2*Esym,TC) = 1 1.110000e+00 1.415651e-01 1.744224e-01 1.186869e-01 1.462342e-01 -7.201228e+00
[WILSONFLOW][0]WF (ncnfg,t,E,t2*E,Esym,t2*Esym,TC) = 1 1.140000e+00 1.357261e-01 1.763896e-01 1.144151e-01 1.486938e-01 -7.221380e+00
[WILSONFLOW][0]WF (ncnfg,t,E,t2*E,Esym,t2*Esym,TC) = 1 1.170000e+00 1.303205e-01 1.783958e-01 1.104215e-01 1.511559e-01 -7.239888e+00
[WILSONFLOW][0]WF (ncnfg,t,E,t2*E,Esym,t2*Esym,TC) = 1 1.200000e+00 1.253044e-01 1.804384e-01 1.066815e-01 1.536213e-01 -7.256989e+00
[WILSONFLOW][0]WF (ncnfg,t,E,t2*E,Esym,t2*Esym,TC) = 1 1.230000e+00 1.206393e-01 1.825152e-01 1.031731e-01 1.560906e-01 -7.272869e+00
[WILSONFLOW][0]WF (ncnfg,t,E,t2*E,Esym,t2*Esym,TC) = 1 1.260000e+00 1.162914e-01 1.846242e-01 9.987676e-02 1.585643e-01 -7.287681e+00
[WILSONFLOW][0]WF (ncnfg,t,E,t2*E,Esym,t2*Esym,TC) = 1 1.290000e+00 1.122310e-01 1.867635e-01 9.677487e-02 1.610431e-01 -7.301544e+00
[WILSONFLOW][0]WF (ncnfg,t,E,t2*E,Esym,t2*Esym,TC) = 1 1.320000e+00 1.084319e-01 1.889317e-01 9.385171e-02 1.635272e-01 -7.314556e+00
[WILSONFLOW][0]WF (ncnfg,t,E,t2*E,Esym,t2*Esym,TC) = 1 1.350000e+00 1.048710e-01 1.911273e-01 9.109313e-02 1.660172e-01 -7.326792e+00
[WILSONFLOW][0]WF (ncnfg,t,E,t2*E,Esym,t2*Esym,TC) = 1 1.380000e+00 1.015275e-01 1.933490e-01 8.848637e-02 1.685135e-01 -7.338315e+00
[WILSONFLOW][0]WF (ncnfg,t,E,t2*E,Esym,t2*Esym,TC) = 1 1.410000e+00 9.838321e-02 1.955957e-01 8.601992e-02 1.710162e-01 -7.349174e+00
[WILSONFLOW][0]WF (ncnfg,t,E,t2*E,Esym,t2*Esym,TC) = 1 1.440000e+00 9.542157e-02 1.978662e-01 8.368336e-02 1.735258e-01 -7.359413e+00
[WILSONFLOW][0]WF (ncnfg,t,E,t2*E,Esym,t2*Esym,TC) = 1 1.470000e+00 9.262790e-02 2.001596e-01 8.146721e-02 1.760425e-01 -7.369066e+00
[WILSONFLOW][0]WF (ncnfg,t,E,t2*E,Esym,t2*Esym,TC) = 1 1.500000e+00 8.998896e-02 2.024752e-01 7.936290e-02 1.785665e-01 -7.378163e+00
[WILSONFLOW][0]WF (ncnfg,t,E,t2*E,Esym,t2*Esym,TC) = 1 1.530000e+00 8.749284e-02 2.048120e-01 7.736260e-02 1.810981e-01 -7.386727e+00
[WILSONFLOW][0]WF (ncnfg,t,E,t2*E,Esym,t2*Esym,TC) = 1 1.560000e+00 8.512878e-02 2.071694e-01 7.545916e-02 1.836374e-01 -7.394780e+00
[WILSONFLOW][0]WF (ncnfg,t,E,t2*E,Esym,t2*Esym,TC) = 1 1.590000e+00 8.288705e-02 2.095467e-01 7.364606e-02 1.861846e-01 -7.402338e+00
[WILSONFLOW][0]WF (ncnfg,t,E,t2*E,Esym,t2*Esym,TC) = 1 1.620000e+00 8.075881e-02 2.119434e-01 7.191734e-02 1.887399e-01 -7.409416e+00
[WILSONFLOW][0]WF (ncnfg,t,E,t2*E,Esym,t2*Esym,TC) = 1 1.650000e+00 7.873603e-02 2.143589e-01 7.026751e-02 1.913033e-01 -7.416025e+00
[WILSONFLOW][0]WF (ncnfg,t,E,t2*E,Esym,t2*Esym,TC) = 1 1.680000e+00 7.681142e-02 2.167926e-01 6.869155e-02 1.938750e-01 -7.422172e+00
[WILSONFLOW][0]WF (ncnfg,t,E,t2*E,Esym,t2*Esym,TC) = 1 1.710000e+00 7.497830e-02 2.192440e-01 6.718484e-02 1.964552e-01 -7.427863e+00
[WILSONFLOW][0]WF (ncnfg,t,E,t2*E,Esym,t2*Esym,TC) = 1 1.740000e+00 7.323057e-02 2.217129e-01 6.574311e-02 1.990438e-01 -7.433100e+00
[WILSONFLOW][0]WF (ncnfg,t,E,t2*E,Esym,t2*Esym,TC) = 1 1.770000e+00 7.156267e-02 2.241987e-01 6.436243e-02 2.016411e-01 -7.437886e+00
[WILSONFLOW][0]WF (ncnfg,t,E,t2*E,Esym,t2*Esym,TC) = 1 1.800000e+00 6.996945e-02 2.267010e-01 6.303919e-02 2.042470e-01 -7.442216e+00
[WILSONFLOW][0]WF (ncnfg,t,E,t2*E,Esym,t2*Esym,TC) = 1 1.830000e+00 6.844623e-02 2.292196e-01 6.177001e-02 2.068616e-01 -7.446089e+00
[WILSONFLOW][0]WF (ncnfg,t,E,t2*E,Esym,t2*Esym,TC) = 1 1.860000e+00 6.698867e-02 2.317540e-01 6.055179e-02 2.094850e-01 -7.449497e+00
[WILSONFLOW][0]WF (ncnfg,t,E,t2*E,Esym,t2*Esym,TC) = 1 1.890000e+00 6.559279e-02 2.343040e-01 5.938165e-02 2.121172e-01 -7.452433e+00
[WILSONFLOW][0]WF (ncnfg,t,E,t2*E,Esym,t2*Esym,TC) = 1 1.920000e+00 6.425489e-02 2.368692e-01 5.825690e-02 2.147582e-01 -7.454886e+00
[WILSONFLOW][0]WF (ncnfg,t,E,t2*E,Esym,t2*Esym,TC) = 1 1.950000e+00 6.297158e-02 2.394494e-01 5.717507e-02 2.174082e-01 -7.456845e+00
[WILSONFLOW][0]WF (ncnfg,t,E,t2*E,Esym,t2*Esym,TC) = 1 1.980000e+00 6.173970e-02 2.420443e-01 5.613384e-02 2.200671e-01 -7.458295e+00
[WILSONFLOW][0]WF (ncnfg,t,E,t2*E,Esym,t2*Esym,TC) = 1 2.010000e+00 6.055634e-02 2.446537e-01 5.513104e-02 2.227349e-01 -7.459220e+00
[WILSONFLOW][0]WF (ncnfg,t,E,t2*E,Esym,t2*Esym,TC) = 1 2.040000e+00 5.941877e-02 2.472772e-01 5.416467e-02 2.254117e-01 -7.459602e+00
[WILSONFLOW][0]WF (ncnfg,t,E,t2*E,Esym,t2*Esym,TC) = 1 2.070000e+00 5.832449e-02 2.499146e-01 5.323284e-02 2.280974e-01 -7.459423e+00
[WILSONFLOW][0]WF (ncnfg,t,E,t2*E,Esym,t2*Esym,TC) = 1 2.100000e+00 5.727114e-02 2.525657e-01 5.233381e-02 2.307921e-01 -7.458662e+00
[WILSONFLOW][0]WF (ncnfg,t,E,t2*E,Esym,t2*Esym,TC) = 1 2.130000e+00 5.625654e-02 2.552303e-01 5.146592e-02 2.334957e-01 -7.457295e+00
[WILSONFLOW][0]WF (ncnfg,t,E,t2*E,Esym,t2*Esym,TC) = 1 2.160000e+00 5.527865e-02 2.579081e-01 5.062764e-02 2.362083e-01 -7.455300e+00
[WILSONFLOW][0]WF (ncnfg,t,E,t2*E,Esym,t2*Esym,TC) = 1 2.190000e+00 5.433557e-02 2.605988e-01 4.981753e-02 2.389299e-01 -7.452653e+00
[WILSONFLOW][0]WF (ncnfg,t,E,t2*E,Esym,t2*Esym,TC) = 1 2.220000e+00 5.342552e-02 2.633023e-01 4.903424e-02 2.416603e-01 -7.449329e+00
[WILSONFLOW][0]WF (ncnfg,t,E,t2*E,Esym,t2*Esym,TC) = 1 2.250000e+00 5.254684e-02 2.660184e-01 4.827649e-02 2.443997e-01 -7.445307e+00
[WILSONFLOW][0]WF (ncnfg,t,E,t2*E,Esym,t2*Esym,TC) = 1 2.280000e+00 5.169796e-02 2.687467e-01 4.754309e-02 2.471480e-01 -7.440565e+00
[WILSONFLOW][0]WF (ncnfg,t,E,t2*E,Esym,t2*Esym,TC) = 1 2.310000e+00 5.087741e-02 2.714870e-01 4.683292e-02 2.499051e-01 -7.435083e+00
[WILSONFLOW][0]WF (ncnfg,t,E,t2*E,Esym,t2*Esym,TC) = 1 2.340000e+00 5.008383e-02 2.742390e-01 4.614492e-02 2.526711e-01 -7.428850e+00
[WILSONFLOW][0]WF (ncnfg,t,E,t2*E,Esym,t2*Esym,TC) = 1 2.370000e+00 4.931593e-02 2.770026e-01 4.547809e-02 2.554459e-01 -7.421856e+00
[WILSONFLOW][0]WF (ncnfg,t,E,t2*E,Esym,t2*Esym,TC) = 1 2.400000e+00 4.857248e-02 2.797775e-01 4.483151e-02 2.582295e-01 -7.414103e+00
[WILSONFLOW][0]WF (ncnfg,t,E,t2*E,Esym,t2*Esym,TC) = 1 2.430000e+00 4.785235e-02 2.825633e-01 4.420427e-02 2.610218e-01 -7.405604e+00
[WILSONFLOW][0]WF (ncnfg,t,E,t2*E,Esym,t2*Esym,TC) = 1 2.460000e+00 4.715445e-02 2.853599e-01 4.359555e-02 2.638228e-01 -7.396384e+00
[WILSONFLOW][0]WF (ncnfg,t,E,t2*E,Esym,t2*Esym,TC) = 1 2.490000e+00 4.647777e-02 2.881668e-01 4.300456e-02 2.666326e-01 -7.386483e+00
[WILSONFLOW][0]WF (ncnfg,t,E,t2*E,Esym,t2*Esym,TC) = 1 2.520000e+00 4.582136e-02 2.909840e-01 4.243055e-02 2.694510e-01 -7.375963e+00
[WILSONFLOW][0]WF (ncnfg,t,E,t2*E,Esym,t2*Esym,TC) = 1 2.550000e+00 4.518433e-02 2.938111e-01 4.187282e-02 2.722780e-01 -7.364902e+00
[WILSONFLOW][0]WF (ncnfg,t,E,t2*E,Esym,t2*Esym,TC) = 1 2.580000e+00 4.456581e-02 2.966479e-01 4.133070e-02 2.751137e-01 -7.353402e+00
[WILSONFLOW][0]WF (ncnfg,t,E,t2*E,Esym,t2*Esym,TC) = 1 2.610000e+00 4.396503e-02 2.994942e-01 4.080356e-02 2.779579e-01 -7.341583e+00
[WILSONFLOW][0]WF (ncnfg,t,E,t2*E,Esym,t2*Esym,TC) = 1 2.640000e+00 4.338123e-02 3.023499e-01 4.029080e-02 2.808107e-01 -7.329586e+00
[WILSONFLOW][0]WF (ncnfg,t,E,t2*E,Esym,t2*Esym,TC) = 1 2.670000e+00 4.281372e-02 3.052148e-01 3.979185e-02 2.836721e-01 -7.317563e+00
[WILSONFLOW][0]WF (ncnfg,t,E,t2*E,Esym,t2*Esym,TC) = 1 2.700000e+00 4.226185e-02 3.080889e-01 3.930619e-02 2.865421e-01 -7.305678e+00
[WILSONFLOW][0]WF (ncnfg,t,E,t2*E,Esym,t2*Esym,TC) = 1 2.730000e+00 4.172499e-02 3.109722e-01 3.883329e-02 2.894206e-01 -7.294094e+00
[WILSONFLOW][0]WF (ncnfg,t,E,t2*E,Esym,t2*Esym,TC) = 1 2.760000e+00 4.120258e-02 3.138648e-01 3.837268e-02 2.923078e-01 -7.282972e+00
[WILSONFLOW][0]WF (ncnfg,t,E,t2*E,Esym,t2*Esym,TC) = 1 2.790000e+00 4.069408e-02 3.167668e-01 3.792391e-02 2.952035e-01 -7.272453e+00
[WILSONFLOW][0]WF (ncnfg,t,E,t2*E,Esym,t2*Esym,TC) = 1 2.820000e+00 4.019898e-02 3.196784e-01 3.748653e-02 2.981079e-01 -7.262661e+00
[WILSONFLOW][0]WF (ncnfg,t,E,t2*E,Esym,t2*Esym,TC) = 1 2.850000e+00 3.971681e-02 3.225998e-01 3.706014e-02 3.010210e-01 -7.253692e+00
[WILSONFLOW][0]WF (ncnfg,t,E,t2*E,Esym,t2*Esym,TC) = 1 2.880000e+00 3.924712e-02 3.255313e-01 3.664435e-02 3.039429e-01 -7.245610e+00
[WILSONFLOW][0]WF (ncnfg,t,E,t2*E,Esym,t2*Esym,TC) = 1 2.910000e+00 3.878948e-02 3.284732e-01 3.623877e-02 3.068736e-01 -7.238450e+00
[WILSONFLOW][0]WF (ncnfg,t,E,t2*E,Esym,t2*Esym,TC) = 1 2.940000e+00 3.834346e-02 3.314256e-01 3.584307e-02 3.098132e-01 -7.232218e+00
[WILSONFLOW][0]WF (ncnfg,t,E,t2*E,Esym,t2*Esym,TC) = 1 2.970000e+00 3.790869e-02 3.343888e-01 3.545689e-02 3.127617e-01 -7.226896e+00
[WILSONFLOW][0]WF (ncnfg,t,E,t2*E,Esym,t2*Esym,TC) = 1 3.000000e+00 3.748477e-02 3.373630e-01 3.507993e-02 3.157193e-01 -7.222441e+00
[WILSONFLOW][0]WF (ncnfg,t,E,t2*E,Esym,t2*Esym,TC) = 1 3.030000e+00 3.707135e-02 3.403483e-01 3.471186e-02 3.186861e-01 -7.218798e+00
[WILSONFLOW][0]WF (ncnfg,t,E,t2*E,Esym,t2*Esym,TC) = 1 3.060000e+00 3.666805e-02 3.433450e-01 3.435239e-02 3.216620e-01 -7.215903e+00
[WILSONFLOW][0]WF (ncnfg,t,E,t2*E,Esym,t2*Esym,TC) = 1 3.090000e+00 3.627454e-02 3.463530e-01 3.400124e-02 3.246472e-01 -7.213683e+00
[WILSONFLOW][0]WF (ncnfg,t,E,t2*E,Esym,t2*Esym,TC) = 1 3.120000e+00 3.589049e-02 3.493724e-01 3.365813e-02 3.276417e-01 -7.212067e+00
[WILSONFLOW][0]WF (ncnfg,t,E,t2*E,Esym,t2*Esym,TC) = 1 3.150000e+00 3.551557e-02 3.524032e-01 3.332280e-02 3.306455e-01 -7.210984e+00
[WILSONFLOW][0]WF (ncnfg,t,E,t2*E,Esym,t2*Esym,TC) = 1 3.180000e+00 3.514948e-02 3.554456e-01 3.299500e-02 3.336587e-01 -7.210367e+00
[WILSONFLOW][0]WF (ncnfg,t,E,t2*E,Esym,t2*Esym,TC) = 1 3.210000e+00 3.479191e-02 3.584993e-01 3.267449e-02 3.366813e-01 -7.210154e+00
[WILSONFLOW][0]WF (ncnfg,t,E,t2*E,Esym,t2*Esym,TC) = 1 3.240000e+00 3.444258e-02 3.615644e-01 3.236104e-02 3.397133e-01 -7.210289e+00
[WILSONFLOW][0]WF (ncnfg,t,E,t2*E,Esym,t2*Esym,TC) = 1 3.270000e+00 3.410121e-02 3.646408e-01 3.205442e-02 3.427547e-01 -7.210723e+00
[WILSONFLOW][0]WF (ncnfg,t,E,t2*E,Esym,t2*Esym,TC) = 1 3.300000e+00 3.376754e-02 3.677285e-01 3.175442e-02 3.458056e-01 -7.211411e+00
[WILSONFLOW][0]WF (ncnfg,t,E,t2*E,Esym,t2*Esym,TC) = 1 3.330000e+00 3.344132e-02 3.708274e-01 3.146083e-02 3.488659e-01 -7.212315e+00
[WILSONFLOW][0]WF (ncnfg,t,E,t2*E,Esym,t2*Esym,TC) = 1 3.360000e+00 3.312229e-02 3.739374e-01 3.117345e-02 3.519357e-01 -7.213403e+00
[WILSONFLOW][0]WF (ncnfg,t,E,t2*E,Esym,t2*Esym,TC) = 1 3.390000e+00 3.281024e-02 3.770585e-01 3.089209e-02 3.550150e-01 -7.214645e+00
[WILSONFLOW][0]WF (ncnfg,t,E,t2*E,Esym,t2*Esym,TC) = 1 3.420000e+00 3.250492e-02 3.801906e-01 3.061657e-02 3.581037e-01 -7.216018e+00
[WILSONFLOW][0]WF (ncnfg,t,E,t2*E,Esym,t2*Esym,TC) = 1 3.450000e+00 3.220614e-02 3.833336e-01 3.034672e-02 3.612018e-01 -7.217500e+00
[WILSONFLOW][0]WF (ncnfg,t,E,t2*E,Esym,t2*Esym,TC) = 1 3.480000e+00 3.191368e-02 3.864874e-01 3.008236e-02 3.643094e-01 -7.219074e+00
[WILSONFLOW][0]WF (ncnfg,t,E,t2*E,Esym,t2*Esym,TC) = 1 3.510000e+00 3.162735e-02 3.896521e-01 2.982333e-02 3.674264e-01 -7.220725e+00
[WILSONFLOW][0]WF (ncnfg,t,E,t2*E,Esym,t2*Esym,TC) = 1 3.540000e+00 3.134695e-02 3.928275e-01 2.956947e-02 3.705528e-01 -7.222440e+00
[WILSONFLOW][0]WF (ncnfg,t,E,t2*E,Esym,t2*Esym,TC) = 1 3.570000e+00 3.107232e-02 3.960136e-01 2.932064e-02 3.736886e-01 -7.224208e+00
[WILSONFLOW][0]WF (ncnfg,t,E,t2*E,Esym,t2*Esym,TC) = 1 3.600000e+00 3.080326e-02 3.992103e-01 2.907669e-02 3.768339e-01 -7.226020e+00
[WILSONFLOW][0]WF (ncnfg,t,E,t2*E,Esym,t2*Esym,TC) = 1 3.630000e+00 3.053962e-02 4.024175e-01 2.883747e-02 3.799885e-01 -7.227868e+00
[WILSONFLOW][0]WF (ncnfg,t,E,t2*E,Esym,t2*Esym,TC) = 1 3.660000e+00 3.028124e-02 4.056353e-01 2.860286e-02 3.831525e-01 -7.229745e+00
[WILSONFLOW][0]WF (ncnfg,t,E,t2*E,Esym,t2*Esym,TC) = 1 3.690000e+00 3.002795e-02 4.088636e-01 2.837272e-02 3.863258e-01 -7.231646e+00
[WILSONFLOW][0]WF (ncnfg,t,E,t2*E,Esym,t2*Esym,TC) = 1 3.720000e+00 2.977962e-02 4.121023e-01 2.814693e-02 3.895085e-01 -7.233566e+00
[WILSONFLOW][0]WF (ncnfg,t,E,t2*E,Esym,t2*Esym,TC) = 1 3.750000e+00 2.953610e-02 4.153514e-01 2.792537e-02 3.927006e-01 -7.235501e+00
[WILSONFLOW][0]WF (ncnfg,t,E,t2*E,Esym,t2*Esym,TC) = 1 3.780000e+00 2.929725e-02 4.186109e-01 2.770793e-02 3.959020e-01 -7.237447e+00
[WILSONFLOW][0]WF (ncnfg,t,E,t2*E,Esym,t2*Esym,TC) = 1 3.810000e+00 2.906295e-02 4.218806e-01 2.749448e-02 3.991127e-01 -7.239401e+00
[WILSONFLOW][0]WF (ncnfg,t,E,t2*E,Esym,t2*Esym,TC) = 1 3.840000e+00 2.883305e-02 4.251607e-01 2.728493e-02 4.023327e-01 -7.241361e+00
[WILSONFLOW][0]WF (ncnfg,t,E,t2*E,Esym,t2*Esym,TC) = 1 3.870000e+00 2.860745e-02 4.284510e-01 2.707916e-02 4.055619e-01 -7.243324e+00
[WILSONFLOW][0]WF (ncnfg,t,E,t2*E,Esym,t2*Esym,TC) = 1 3.900000e+00 2.838602e-02 4.317514e-01 2.687709e-02 4.088005e-01 -7.245289e+00
[WILSONFLOW][0]WF (ncnfg,t,E,t2*E,Esym,t2*Esym,TC) = 1 3.930000e+00 2.816866e-02 4.350621e-01 2.667860e-02 4.120483e-01 -7.247253e+00
[WILSONFLOW][0]WF (ncnfg,t,E,t2*E,Esym,t2*Esym,TC) = 1 3.960000e+00 2.795524e-02 4.383829e-01 2.648361e-02 4.153054e-01 -7.249216e+00
[WILSONFLOW][0]WF (ncnfg,t,E,t2*E,Esym,t2*Esym,TC) = 1 3.990000e+00 2.774566e-02 4.417137e-01 2.629203e-02 4.185718e-01 -7.251177e+00
[WILSONFLOW][0]WF (ncnfg,t,E,t2*E,Esym,t2*Esym,TC) = 1 4.020000e+00 2.753983e-02 4.450547e-01 2.610377e-02 4.218473e-01 -7.253134e+00
[WILSONFLOW][0]WF (ncnfg,t,E,t2*E,Esym,t2*Esym,TC) = 1 4.050000e+00 2.733764e-02 4.484057e-01 2.591874e-02 4.251321e-01 -7.255086e+00
[WILSONFLOW][0]WF (ncnfg,t,E,t2*E,Esym,t2*Esym,TC) = 1 4.080000e+00 2.713900e-02 4.517667e-01 2.573686e-02 4.284260e-01 -7.257033e+00
[WILSONFLOW][0]WF (ncnfg,t,E,t2*E,Esym,t2*Esym,TC) = 1 4.110000e+00 2.694382e-02 4.551377e-01 2.555805e-02 4.317292e-01 -7.258974e+00
[WILSONFLOW][0]WF (ncnfg,t,E,t2*E,Esym,t2*Esym,TC) = 1 4.140000e+00 2.675200e-02 4.585186e-01 2.538224e-02 4.350415e-01 -7.260909e+00
[WILSONFLOW][0]WF (ncnfg,t,E,t2*E,Esym,t2*Esym,TC) = 1 4.170000e+00 2.656347e-02 4.619095e-01 2.520935e-02 4.383629e-01 -7.262836e+00
[WILSONFLOW][0]WF (ncnfg,t,E,t2*E,Esym,t2*Esym,TC) = 1 4.200000e+00 2.637813e-02 4.653103e-01 2.503932e-02 4.416935e-01 -7.264757e+00
[WILSONFLOW][0]WF (ncnfg,t,E,t2*E,Esym,t2*Esym,TC) = 1 4.230000e+00 2.619592e-02 4.687209e-01 2.487206e-02 4.450333e-01 -7.266670e+00
[WILSONFLOW][0]WF (ncnfg,t,E,t2*E,Esym,t2*Esym,TC) = 1 4.260000e+00 2.601674e-02 4.721414e-01 2.470751e-02 4.483821e-01 -7.268575e+00
[WILSONFLOW][0]WF (ncnfg,t,E,t2*E,Esym,t2*Esym,TC) = 1 4.290000e+00 2.584053e-02 4.755716e-01 2.454562e-02 4.517400e-01 -7.270472e+00
[WILSONFLOW][0]WF (ncnfg,t,E,t2*E,Esym,t2*Esym,TC) = 1 4.320000e+00 2.566721e-02 4.790117e-01 2.438631e-02 4.551070e-01 -7.272361e+00
[WILSONFLOW][0]WF (ncnfg,t,E,t2*E,Esym,t2*Esym,TC) = 1 4.350000e+00 2.549671e-02 4.824615e-01 2.422952e-02 4.584830e-01 -7.274241e+00
[WILSONFLOW][0]WF (ncnfg,t,E,t2*E,Esym,t2*Esym,TC) = 1 4.380000e+00 2.532897e-02 4.859210e-01 2.407519e-02 4.618681e-01 -7.276113e+00
[WILSONFLOW][0]WF (ncnfg,t,E,t2*E,Esym,t2*Esym,TC) = 1 4.410000e+00 2.516391e-02 4.893903e-01 2.392327e-02 4.652622e-01 -7.277977e+00
[WILSONFLOW][0]WF (ncnfg,t,E,t2*E,Esym,t2*Esym,TC) = 1 4.440000e+00 2.500148e-02 4.928692e-01 2.377371e-02 4.686653e-01 -7.279831e+00
[WILSONFLOW][0]WF (ncnfg,t,E,t2*E,Esym,t2*Esym,TC) = 1 4.470000e+00 2.484161e-02 4.963577e-01 2.362644e-02 4.720774e-01 -7.281678e+00
[WILSONFLOW][0]WF (ncnfg,t,E,t2*E,Esym,t2*Esym,TC) = 1 4.500000e+00 2.468424e-02 4.998559e-01 2.348141e-02 4.754985e-01 -7.283515e+00
[WILSONFLOW][0]WF (ncnfg,t,E,t2*E,Esym,t2*Esym,TC) = 1 4.530000e+00 2.452932e-02 5.033636e-01 2.333857e-02 4.789285e-01 -7.285344e+00
[WILSONFLOW][0]WF (ncnfg,t,E,t2*E,Esym,t2*Esym,TC) = 1 4.560000e+00 2.437678e-02 5.068810e-01 2.319788e-02 4.823675e-01 -7.287164e+00
[WILSONFLOW][0]WF (ncnfg,t,E,t2*E,Esym,t2*Esym,TC) = 1 4.590000e+00 2.422657e-02 5.104078e-01 2.305929e-02 4.858153e-01 -7.288976e+00
[WILSONFLOW][0]WF (ncnfg,t,E,t2*E,Esym,t2*Esym,TC) = 1 4.620000e+00 2.407864e-02 5.139442e-01 2.292274e-02 4.892721e-01 -7.290778e+00
[WILSONFLOW][0]WF (ncnfg,t,E,t2*E,Esym,t2*Esym,TC) = 1 4.650000e+00 2.393294e-02 5.174900e-01 2.278819e-02 4.927377e-01 -7.292573e+00
[WILSONFLOW][0]WF (ncnfg,t,E,t2*E,Esym,t2*Esym,TC) = 1 4.680000e+00 2.378941e-02 5.210453e-01 2.265561e-02 4.962122e-01 -7.294359e+00
[WILSONFLOW][0]WF (ncnfg,t,E,t2*E,Esym,t2*Esym,TC) = 1 4.710000e+00 2.364802e-02 5.246099e-01 2.252494e-02 4.996955e-01 -7.296136e+00
[WILSONFLOW][0]WF (ncnfg,t,E,t2*E,Esym,t2*Esym,TC) = 1 4.740000e+00 2.350870e-02 5.281840e-01 2.239614e-02 5.031876e-01 -7.297905e+00
[WILSONFLOW][0]WF (ncnfg,t,E,t2*E,Esym,t2*Esym,TC) = 1 4.770000e+00 2.337142e-02 5.317675e-01 2.226918e-02 5.066885e-01 -7.299666e+00
[WILSONFLOW][0]WF (ncnfg,t,E,t2*E,Esym,t2*Esym,TC) = 1 4.800000e+00 2.323612e-02 5.353602e-01 2.214402e-02 5.101981e-01 -7.301418e+00
[WILSONFLOW][0]WF (ncnfg,t,E,t2*E,Esym,t2*Esym,TC) = 1 4.830000e+00 2.310278e-02 5.389623e-01 2.202061e-02 5.137166e-01 -7.303162e+00
[WILSONFLOW][0]WF (ncnfg,t,E,t2*E,Esym,t2*Esym,TC) = 1 4.860000e+00 2.297133e-02 5.425737e-01 2.189892e-02 5.172437e-01 -7.304898e+00
[WILSONFLOW][0]WF (ncnfg,t,E,t2*E,Esym,t2*Esym,TC) = 1 4.890000e+00 2.284175e-02 5.461943e-01 2.177891e-02 5.207795e-01 -7.306626e+00
[WILSONFLOW][0]WF (ncnfg,t,E,t2*E,Esym,t2*Esym,TC) = 1 4.920000e+00 2.271400e-02 5.498241e-01 2.166055e-02 5.243240e-01 -7.308346e+00
[WILSONFLOW][0]WF (ncnfg,t,E,t2*E,Esym,t2*Esym,TC) = 1 4.950000e+00 2.258803e-02 5.534631e-01 2.154381e-02 5.278772e-01 -7.310058e+00
[WILSONFLOW][0]WF (ncnfg,t,E,t2*E,Esym,t2*Esym,TC) = 1 4.980000e+00 2.246380e-02 5.571113e-01 2.142865e-02 5.314390e-01 -7.311762e+00
[WILSONFLOW][0]WF (ncnfg,t,E,t2*E,Esym,t2*Esym,TC) = 1 5.010000e+00 2.234129e-02 5.607686e-01 2.131503e-02 5.350094e-01 -7.313458e+00
[WILSONFLOW][0]WF (ncnfg,t,E,t2*E,Esym,t2*Esym,TC) = 1 5.040000e+00 2.222045e-02 5.644349e-01 2.120293e-02 5.385883e-01 -7.315146e+00
[WILSONFLOW][0]WF (ncnfg,t,E,t2*E,Esym,t2*Esym,TC) = 1 5.070000e+00 2.210125e-02 5.681104e-01 2.109232e-02 5.421759e-01 -7.316827e+00
[WILSONFLOW][0]WF (ncnfg,t,E,t2*E,Esym,t2*Esym,TC) = 1 5.100000e+00 2.198366e-02 5.717949e-01 2.098316e-02 5.457720e-01 -7.318501e+00
[WILSONFLOW][0]WF (ncnfg,t,E,t2*E,Esym,t2*Esym,TC) = 1 5.130000e+00 2.186764e-02 5.754884e-01 2.087543e-02 5.493765e-01 -7.320167e+00
[WILSONFLOW][0]WF (ncnfg,t,E,t2*E,Esym,t2*Esym,TC) = 1 5.160000e+00 2.175316e-02 5.791908e-01 2.076909e-02 5.529896e-01 -7.321825e+00
[WILSONFLOW][0]WF (ncnfg,t,E,t2*E,Esym,t2*Esym,TC) = 1 5.190000e+00 2.164019e-02 5.829023e-01 2.066413e-02 5.566111e-01 -7.323476e+00
[WILSONFLOW][0]WF (ncnfg,t,E,t2*E,Esym,t2*Esym,TC) = 1 5.220000e+00 2.152870e-02 5.866226e-01 2.056051e-02 5.602411e-01 -7.325120e+00
[WILSONFLOW][0]WF (ncnfg,t,E,t2*E,Esym,t2*Esym,TC) = 1 5.250000e+00 2.141866e-02 5.903518e-01 2.045821e-02 5.638794e-01 -7.326757e+00
[WILSONFLOW][0]WF (ncnfg,t,E,t2*E,Esym,t2*Esym,TC) = 1 5.280000e+00 2.131004e-02 5.940899e-01 2.035720e-02 5.675262e-01 -7.328386e+00
[WILSONFLOW][0]WF (ncnfg,t,E,t2*E,Esym,t2*Esym,TC) = 1 5.310000e+00 2.120282e-02 5.978367e-01 2.025746e-02 5.711813e-01 -7.330009e+00
