core file size          (blocks, -c) unlimited
data seg size           (kbytes, -d) unlimited
scheduling priority             (-e) 0
file size               (blocks, -f) unlimited
pending signals                 (-i) 515663
max locked memory       (kbytes, -l) unlimited
max memory size         (kbytes, -m) unlimited
open files                      (-n) 1024
pipe size            (512 bytes, -p) 8
POSIX message queues     (bytes, -q) 819200
real-time priority              (-r) 0
stack size              (kbytes, -s) unlimited
cpu time               (seconds, -t) unlimited
max user processes              (-u) 515663
virtual memory          (kbytes, -v) unlimited
file locks                      (-x) unlimited
[READINPUT][0]Warning: input parameter [N_REP] not found in [input_file]!
[READINPUT][0]Warning: input parameter [BC_SHIFT_Z] not found in [input_file]!
[READINPUT][0]Warning: input parameter [BC_SHIFT_Y] not found in [input_file]!
[READINPUT][0]Warning: input parameter [BC_SHIFT_X] not found in [input_file]!
core file size          (blocks, -c) unlimited
data seg size           (kbytes, -d) unlimited
scheduling priority             (-e) 0
file size               (blocks, -f) unlimited
pending signals                 (-i) 515663
max locked memory       (kbytes, -l) unlimited
max memory size         (kbytes, -m) unlimited
open files                      (-n) 1024
pipe size            (512 bytes, -p) 8
POSIX message queues     (bytes, -q) 819200
real-time priority              (-r) 0
stack size              (kbytes, -s) unlimited
cpu time               (seconds, -t) unlimited
max user processes              (-u) 515663
virtual memory          (kbytes, -v) unlimited
file locks                      (-x) unlimited
[READINPUT][0]Warning: input parameter [N_REP] not found in [input_file]!
[READINPUT][0]Warning: input parameter [BC_SHIFT_Z] not found in [input_file]!
[READINPUT][0]Warning: input parameter [BC_SHIFT_Y] not found in [input_file]!
[READINPUT][0]Warning: input parameter [BC_SHIFT_X] not found in [input_file]!
core file size          (blocks, -c) unlimited
data seg size           (kbytes, -d) unlimited
scheduling priority             (-e) 0
file size               (blocks, -f) unlimited
pending signals                 (-i) 515663
max locked memory       (kbytes, -l) unlimited
max memory size         (kbytes, -m) unlimited
open files                      (-n) 1024
pipe size            (512 bytes, -p) 8
POSIX message queues     (bytes, -q) 819200
real-time priority              (-r) 0
stack size              (kbytes, -s) unlimited
cpu time               (seconds, -t) unlimited
max user processes              (-u) 515663
virtual memory          (kbytes, -v) unlimited
file locks                      (-x) unlimited
[READINPUT][0]Warning: input parameter [N_REP] not found in [input_file]!
[READINPUT][0]Warning: input parameter [BC_SHIFT_Z] not found in [input_file]!
[READINPUT][0]Warning: input parameter [BC_SHIFT_Y] not found in [input_file]!
[READINPUT][0]Warning: input parameter [BC_SHIFT_X] not found in [input_file]!
core file size          (blocks, -c) unlimited
data seg size           (kbytes, -d) unlimited
scheduling priority             (-e) 0
file size               (blocks, -f) unlimited
pending signals                 (-i) 515663
max locked memory       (kbytes, -l) unlimited
max memory size         (kbytes, -m) unlimited
open files                      (-n) 1024
pipe size            (512 bytes, -p) 8
POSIX message queues     (bytes, -q) 819200
real-time priority              (-r) 0
stack size              (kbytes, -s) unlimited
cpu time               (seconds, -t) unlimited
max user processes              (-u) 515663
virtual memory          (kbytes, -v) unlimited
file locks                      (-x) unlimited
[READINPUT][0]Warning: input parameter [N_REP] not found in [input_file]!
[READINPUT][0]Warning: input parameter [BC_SHIFT_Z] not found in [input_file]!
[READINPUT][0]Warning: input parameter [BC_SHIFT_Y] not found in [input_file]!
[READINPUT][0]Warning: input parameter [BC_SHIFT_X] not found in [input_file]!
core file size          (blocks, -c) unlimited
data seg size           (kbytes, -d) unlimited
scheduling priority             (-e) 0
file size               (blocks, -f) unlimited
pending signals                 (-i) 515663
max locked memory       (kbytes, -l) unlimited
max memory size         (kbytes, -m) unlimited
open files                      (-n) 1024
pipe size            (512 bytes, -p) 8
POSIX message queues     (bytes, -q) 819200
real-time priority              (-r) 0
stack size              (kbytes, -s) unlimited
cpu time               (seconds, -t) unlimited
max user processes              (-u) 515663
virtual memory          (kbytes, -v) unlimited
file locks                      (-x) unlimited
[READINPUT][0]Warning: input parameter [N_REP] not found in [input_file]!
[READINPUT][0]Warning: input parameter [BC_SHIFT_Z] not found in [input_file]!
[READINPUT][0]Warning: input parameter [BC_SHIFT_Y] not found in [input_file]!
[READINPUT][0]Warning: input parameter [BC_SHIFT_X] not found in [input_file]!
core file size          (blocks, -c) unlimited
data seg size           (kbytes, -d) unlimited
scheduling priority             (-e) 0
file size               (blocks, -f) unlimited
pending signals                 (-i) 515663
max locked memory       (kbytes, -l) unlimited
max memory size         (kbytes, -m) unlimited
open files                      (-n) 1024
pipe size            (512 bytes, -p) 8
POSIX message queues     (bytes, -q) 819200
real-time priority              (-r) 0
stack size              (kbytes, -s) unlimited
cpu time               (seconds, -t) unlimited
max user processes              (-u) 515663
virtual memory          (kbytes, -v) unlimited
file locks                      (-x) unlimited
[READINPUT][0]Warning: input parameter [N_REP] not found in [input_file]!
[READINPUT][0]Warning: input parameter [BC_SHIFT_Z] not found in [input_file]!
[READINPUT][0]Warning: input parameter [BC_SHIFT_Y] not found in [input_file]!
[READINPUT][0]Warning: input parameter [BC_SHIFT_X] not found in [input_file]!
core file size          (blocks, -c) unlimited
data seg size           (kbytes, -d) unlimited
scheduling priority             (-e) 0
file size               (blocks, -f) unlimited
pending signals                 (-i) 515663
max locked memory       (kbytes, -l) unlimited
max memory size         (kbytes, -m) unlimited
open files                      (-n) 1024
pipe size            (512 bytes, -p) 8
POSIX message queues     (bytes, -q) 819200
real-time priority              (-r) 0
stack size              (kbytes, -s) unlimited
cpu time               (seconds, -t) unlimited
max user processes              (-u) 515663
virtual memory          (kbytes, -v) unlimited
file locks                      (-x) unlimited
[READINPUT][0]Warning: input parameter [N_REP] not found in [input_file]!
[READINPUT][0]Warning: input parameter [BC_SHIFT_Z] not found in [input_file]!
[READINPUT][0]Warning: input parameter [BC_SHIFT_Y] not found in [input_file]!
[READINPUT][0]Warning: input parameter [BC_SHIFT_X] not found in [input_file]!
core file size          (blocks, -c) unlimited
data seg size           (kbytes, -d) unlimited
scheduling priority             (-e) 0
file size               (blocks, -f) unlimited
pending signals                 (-i) 515663
max locked memory       (kbytes, -l) unlimited
max memory size         (kbytes, -m) unlimited
open files                      (-n) 1024
pipe size            (512 bytes, -p) 8
POSIX message queues     (bytes, -q) 819200
real-time priority              (-r) 0
stack size              (kbytes, -s) unlimited
cpu time               (seconds, -t) unlimited
max user processes              (-u) 515663
virtual memory          (kbytes, -v) unlimited
file locks                      (-x) unlimited
[READINPUT][0]Warning: input parameter [N_REP] not found in [input_file]!
[READINPUT][0]Warning: input parameter [BC_SHIFT_Z] not found in [input_file]!
[READINPUT][0]Warning: input parameter [BC_SHIFT_Y] not found in [input_file]!
[READINPUT][0]Warning: input parameter [BC_SHIFT_X] not found in [input_file]!
core file size          (blocks, -c) unlimited
data seg size           (kbytes, -d) unlimited
scheduling priority             (-e) 0
file size               (blocks, -f) unlimited
pending signals                 (-i) 515663
max locked memory       (kbytes, -l) unlimited
max memory size         (kbytes, -m) unlimited
open files                      (-n) 1024
pipe size            (512 bytes, -p) 8
POSIX message queues     (bytes, -q) 819200
real-time priority              (-r) 0
stack size              (kbytes, -s) unlimited
cpu time               (seconds, -t) unlimited
max user processes              (-u) 515663
virtual memory          (kbytes, -v) unlimited
file locks                      (-x) unlimited
[READINPUT][0]Warning: input parameter [N_REP] not found in [input_file]!
[READINPUT][0]Warning: input parameter [BC_SHIFT_Z] not found in [input_file]!
[READINPUT][0]Warning: input parameter [BC_SHIFT_Y] not found in [input_file]!
[READINPUT][0]Warning: input parameter [BC_SHIFT_X] not found in [input_file]!
core file size          (blocks, -c) unlimited
data seg size           (kbytes, -d) unlimited
scheduling priority             (-e) 0
file size               (blocks, -f) unlimited
pending signals                 (-i) 515663
max locked memory       (kbytes, -l) unlimited
max memory size         (kbytes, -m) unlimited
open files                      (-n) 1024
pipe size            (512 bytes, -p) 8
POSIX message queues     (bytes, -q) 819200
real-time priority              (-r) 0
stack size              (kbytes, -s) unlimited
cpu time               (seconds, -t) unlimited
max user processes              (-u) 515663
virtual memory          (kbytes, -v) unlimited
file locks                      (-x) unlimited
[READINPUT][0]Warning: input parameter [N_REP] not found in [input_file]!
[READINPUT][0]Warning: input parameter [BC_SHIFT_Z] not found in [input_file]!
[READINPUT][0]Warning: input parameter [BC_SHIFT_Y] not found in [input_file]!
[READINPUT][0]Warning: input parameter [BC_SHIFT_X] not found in [input_file]!
core file size          (blocks, -c) unlimited
data seg size           (kbytes, -d) unlimited
scheduling priority             (-e) 0
file size               (blocks, -f) unlimited
pending signals                 (-i) 515663
max locked memory       (kbytes, -l) unlimited
max memory size         (kbytes, -m) unlimited
open files                      (-n) 1024
pipe size            (512 bytes, -p) 8
POSIX message queues     (bytes, -q) 819200
real-time priority              (-r) 0
stack size              (kbytes, -s) unlimited
cpu time               (seconds, -t) unlimited
max user processes              (-u) 515663
virtual memory          (kbytes, -v) unlimited
file locks                      (-x) unlimited
[READINPUT][0]Warning: input parameter [N_REP] not found in [input_file]!
[READINPUT][0]Warning: input parameter [BC_SHIFT_Z] not found in [input_file]!
[READINPUT][0]Warning: input parameter [BC_SHIFT_Y] not found in [input_file]!
[READINPUT][0]Warning: input parameter [BC_SHIFT_X] not found in [input_file]!
